
*** Running vivado
    with args -log top.vds -m64 -product Vivado -mode batch -messageDb vivado.pb -notrace -source top.tcl


****** Vivado v2020.2 (64-bit)
  **** SW Build 3064766 on Wed Nov 18 09:12:47 MST 2020
  **** IP Build 3064653 on Wed Nov 18 14:17:31 MST 2020
    ** Copyright 1986-2020 Xilinx, Inc. All Rights Reserved.

source top.tcl -notrace
Command: synth_design -top top -part xc7a35ticpg236-1L
Starting synth_design
Attempting to get a license for feature 'Synthesis' and/or device 'xc7a35ti'
INFO: [Common 17-349] Got license for feature 'Synthesis' and/or device 'xc7a35ti'
INFO: [Device 21-403] Loading part xc7a35ticpg236-1L
INFO: [Synth 8-7079] Multithreading enabled for synth_design using a maximum of 4 processes.
INFO: [Synth 8-7078] Launching helper process for spawning children vivado processes
INFO: [Synth 8-7075] Helper process launched with PID 174492
---------------------------------------------------------------------------------
Starting RTL Elaboration : Time (s): cpu = 00:00:02 ; elapsed = 00:00:03 . Memory (MB): peak = 2346.551 ; gain = 0.000 ; free physical = 4372 ; free virtual = 11886
---------------------------------------------------------------------------------
INFO: [Synth 8-6157] synthesizing module 'top' [/nfs/nfs7/home/zegraber/Documents/CPS-Digital-Design/Project8/Project8.srcs/sources_1/new/top.sv:3]
INFO: [Synth 8-6157] synthesizing module 'SlowClk' [/nfs/nfs7/home/zegraber/Documents/CPS-Digital-Design/Project8/Project8.srcs/sources_1/new/SlowClk.sv:23]
INFO: [Synth 8-6155] done synthesizing module 'SlowClk' (1#1) [/nfs/nfs7/home/zegraber/Documents/CPS-Digital-Design/Project8/Project8.srcs/sources_1/new/SlowClk.sv:23]
INFO: [Synth 8-6157] synthesizing module 'ElevCtrl' [/nfs/nfs7/home/zegraber/Documents/CPS-Digital-Design/Project8/Project8.srcs/sources_1/new/ElevCtrl.sv:3]
INFO: [Synth 8-6155] done synthesizing module 'ElevCtrl' (2#1) [/nfs/nfs7/home/zegraber/Documents/CPS-Digital-Design/Project8/Project8.srcs/sources_1/new/ElevCtrl.sv:3]
INFO: [Synth 8-6157] synthesizing module 'SevSegDisplay' [/nfs/nfs7/home/zegraber/Documents/CPS-Digital-Design/Project8/Project8.srcs/sources_1/new/SevSegDisplay.sv:23]
INFO: [Synth 8-6155] done synthesizing module 'SevSegDisplay' (3#1) [/nfs/nfs7/home/zegraber/Documents/CPS-Digital-Design/Project8/Project8.srcs/sources_1/new/SevSegDisplay.sv:23]
INFO: [Synth 8-6155] done synthesizing module 'top' (4#1) [/nfs/nfs7/home/zegraber/Documents/CPS-Digital-Design/Project8/Project8.srcs/sources_1/new/top.sv:3]
---------------------------------------------------------------------------------
Finished RTL Elaboration : Time (s): cpu = 00:00:03 ; elapsed = 00:00:04 . Memory (MB): peak = 2346.551 ; gain = 0.000 ; free physical = 5025 ; free virtual = 12539
---------------------------------------------------------------------------------
---------------------------------------------------------------------------------
Start Handling Custom Attributes
---------------------------------------------------------------------------------
---------------------------------------------------------------------------------
Finished Handling Custom Attributes : Time (s): cpu = 00:00:03 ; elapsed = 00:00:04 . Memory (MB): peak = 2346.551 ; gain = 0.000 ; free physical = 5080 ; free virtual = 12594
---------------------------------------------------------------------------------
---------------------------------------------------------------------------------
Finished RTL Optimization Phase 1 : Time (s): cpu = 00:00:03 ; elapsed = 00:00:04 . Memory (MB): peak = 2346.551 ; gain = 0.000 ; free physical = 5080 ; free virtual = 12594
---------------------------------------------------------------------------------
Netlist sorting complete. Time (s): cpu = 00:00:00 ; elapsed = 00:00:00 . Memory (MB): peak = 2346.551 ; gain = 0.000 ; free physical = 5074 ; free virtual = 12588
INFO: [Project 1-570] Preparing netlist for logic optimization

Processing XDC Constraints
Initializing timing engine
Parsing XDC File [/nfs/nfs7/home/zegraber/Documents/CPS-Digital-Design/Project8/Project8.srcs/constrs_1/new/constraints.xdc]
WARNING: [Vivado 12-584] No ports matched 'sw[0]'. [/nfs/nfs7/home/zegraber/Documents/CPS-Digital-Design/Project8/Project8.srcs/constrs_1/new/constraints.xdc:12]
CRITICAL WARNING: [Common 17-55] 'set_property' expects at least one object. [/nfs/nfs7/home/zegraber/Documents/CPS-Digital-Design/Project8/Project8.srcs/constrs_1/new/constraints.xdc:12]
Resolution: If [get_<value>] was used to populate the object, check to make sure this command returns at least one valid object.
WARNING: [Vivado 12-584] No ports matched 'sw[0]'. [/nfs/nfs7/home/zegraber/Documents/CPS-Digital-Design/Project8/Project8.srcs/constrs_1/new/constraints.xdc:13]
CRITICAL WARNING: [Common 17-55] 'set_property' expects at least one object. [/nfs/nfs7/home/zegraber/Documents/CPS-Digital-Design/Project8/Project8.srcs/constrs_1/new/constraints.xdc:13]
Resolution: If [get_<value>] was used to populate the object, check to make sure this command returns at least one valid object.
WARNING: [Vivado 12-584] No ports matched 'sw[1]'. [/nfs/nfs7/home/zegraber/Documents/CPS-Digital-Design/Project8/Project8.srcs/constrs_1/new/constraints.xdc:14]
CRITICAL WARNING: [Common 17-55] 'set_property' expects at least one object. [/nfs/nfs7/home/zegraber/Documents/CPS-Digital-Design/Project8/Project8.srcs/constrs_1/new/constraints.xdc:14]
Resolution: If [get_<value>] was used to populate the object, check to make sure this command returns at least one valid object.
WARNING: [Vivado 12-584] No ports matched 'sw[1]'. [/nfs/nfs7/home/zegraber/Documents/CPS-Digital-Design/Project8/Project8.srcs/constrs_1/new/constraints.xdc:15]
CRITICAL WARNING: [Common 17-55] 'set_property' expects at least one object. [/nfs/nfs7/home/zegraber/Documents/CPS-Digital-Design/Project8/Project8.srcs/constrs_1/new/constraints.xdc:15]
Resolution: If [get_<value>] was used to populate the object, check to make sure this command returns at least one valid object.
WARNING: [Vivado 12-584] No ports matched 'sw[2]'. [/nfs/nfs7/home/zegraber/Documents/CPS-Digital-Design/Project8/Project8.srcs/constrs_1/new/constraints.xdc:16]
CRITICAL WARNING: [Common 17-55] 'set_property' expects at least one object. [/nfs/nfs7/home/zegraber/Documents/CPS-Digital-Design/Project8/Project8.srcs/constrs_1/new/constraints.xdc:16]
Resolution: If [get_<value>] was used to populate the object, check to make sure this command returns at least one valid object.
WARNING: [Vivado 12-584] No ports matched 'sw[2]'. [/nfs/nfs7/home/zegraber/Documents/CPS-Digital-Design/Project8/Project8.srcs/constrs_1/new/constraints.xdc:17]
CRITICAL WARNING: [Common 17-55] 'set_property' expects at least one object. [/nfs/nfs7/home/zegraber/Documents/CPS-Digital-Design/Project8/Project8.srcs/constrs_1/new/constraints.xdc:17]
Resolution: If [get_<value>] was used to populate the object, check to make sure this command returns at least one valid object.
WARNING: [Vivado 12-584] No ports matched 'sw[3]'. [/nfs/nfs7/home/zegraber/Documents/CPS-Digital-Design/Project8/Project8.srcs/constrs_1/new/constraints.xdc:18]
CRITICAL WARNING: [Common 17-55] 'set_property' expects at least one object. [/nfs/nfs7/home/zegraber/Documents/CPS-Digital-Design/Project8/Project8.srcs/constrs_1/new/constraints.xdc:18]
Resolution: If [get_<value>] was used to populate the object, check to make sure this command returns at least one valid object.
WARNING: [Vivado 12-584] No ports matched 'sw[3]'. [/nfs/nfs7/home/zegraber/Documents/CPS-Digital-Design/Project8/Project8.srcs/constrs_1/new/constraints.xdc:19]
CRITICAL WARNING: [Common 17-55] 'set_property' expects at least one object. [/nfs/nfs7/home/zegraber/Documents/CPS-Digital-Design/Project8/Project8.srcs/constrs_1/new/constraints.xdc:19]
Resolution: If [get_<value>] was used to populate the object, check to make sure this command returns at least one valid object.
WARNING: [Vivado 12-584] No ports matched 'sw[4]'. [/nfs/nfs7/home/zegraber/Documents/CPS-Digital-Design/Project8/Project8.srcs/constrs_1/new/constraints.xdc:20]
CRITICAL WARNING: [Common 17-55] 'set_property' expects at least one object. [/nfs/nfs7/home/zegraber/Documents/CPS-Digital-Design/Project8/Project8.srcs/constrs_1/new/constraints.xdc:20]
Resolution: If [get_<value>] was used to populate the object, check to make sure this command returns at least one valid object.
WARNING: [Vivado 12-584] No ports matched 'sw[4]'. [/nfs/nfs7/home/zegraber/Documents/CPS-Digital-Design/Project8/Project8.srcs/constrs_1/new/constraints.xdc:21]
CRITICAL WARNING: [Common 17-55] 'set_property' expects at least one object. [/nfs/nfs7/home/zegraber/Documents/CPS-Digital-Design/Project8/Project8.srcs/constrs_1/new/constraints.xdc:21]
Resolution: If [get_<value>] was used to populate the object, check to make sure this command returns at least one valid object.
WARNING: [Vivado 12-584] No ports matched 'sw[5]'. [/nfs/nfs7/home/zegraber/Documents/CPS-Digital-Design/Project8/Project8.srcs/constrs_1/new/constraints.xdc:22]
CRITICAL WARNING: [Common 17-55] 'set_property' expects at least one object. [/nfs/nfs7/home/zegraber/Documents/CPS-Digital-Design/Project8/Project8.srcs/constrs_1/new/constraints.xdc:22]
Resolution: If [get_<value>] was used to populate the object, check to make sure this command returns at least one valid object.
WARNING: [Vivado 12-584] No ports matched 'sw[5]'. [/nfs/nfs7/home/zegraber/Documents/CPS-Digital-Design/Project8/Project8.srcs/constrs_1/new/constraints.xdc:23]
CRITICAL WARNING: [Common 17-55] 'set_property' expects at least one object. [/nfs/nfs7/home/zegraber/Documents/CPS-Digital-Design/Project8/Project8.srcs/constrs_1/new/constraints.xdc:23]
Resolution: If [get_<value>] was used to populate the object, check to make sure this command returns at least one valid object.
WARNING: [Vivado 12-584] No ports matched 'sw[6]'. [/nfs/nfs7/home/zegraber/Documents/CPS-Digital-Design/Project8/Project8.srcs/constrs_1/new/constraints.xdc:24]
CRITICAL WARNING: [Common 17-55] 'set_property' expects at least one object. [/nfs/nfs7/home/zegraber/Documents/CPS-Digital-Design/Project8/Project8.srcs/constrs_1/new/constraints.xdc:24]
Resolution: If [get_<value>] was used to populate the object, check to make sure this command returns at least one valid object.
WARNING: [Vivado 12-584] No ports matched 'sw[6]'. [/nfs/nfs7/home/zegraber/Documents/CPS-Digital-Design/Project8/Project8.srcs/constrs_1/new/constraints.xdc:25]
CRITICAL WARNING: [Common 17-55] 'set_property' expects at least one object. [/nfs/nfs7/home/zegraber/Documents/CPS-Digital-Design/Project8/Project8.srcs/constrs_1/new/constraints.xdc:25]
Resolution: If [get_<value>] was used to populate the object, check to make sure this command returns at least one valid object.
WARNING: [Vivado 12-584] No ports matched 'sw[7]'. [/nfs/nfs7/home/zegraber/Documents/CPS-Digital-Design/Project8/Project8.srcs/constrs_1/new/constraints.xdc:26]
CRITICAL WARNING: [Common 17-55] 'set_property' expects at least one object. [/nfs/nfs7/home/zegraber/Documents/CPS-Digital-Design/Project8/Project8.srcs/constrs_1/new/constraints.xdc:26]
Resolution: If [get_<value>] was used to populate the object, check to make sure this command returns at least one valid object.
WARNING: [Vivado 12-584] No ports matched 'sw[7]'. [/nfs/nfs7/home/zegraber/Documents/CPS-Digital-Design/Project8/Project8.srcs/constrs_1/new/constraints.xdc:27]
CRITICAL WARNING: [Common 17-55] 'set_property' expects at least one object. [/nfs/nfs7/home/zegraber/Documents/CPS-Digital-Design/Project8/Project8.srcs/constrs_1/new/constraints.xdc:27]
Resolution: If [get_<value>] was used to populate the object, check to make sure this command returns at least one valid object.
WARNING: [Vivado 12-584] No ports matched 'sw[8]'. [/nfs/nfs7/home/zegraber/Documents/CPS-Digital-Design/Project8/Project8.srcs/constrs_1/new/constraints.xdc:28]
CRITICAL WARNING: [Common 17-55] 'set_property' expects at least one object. [/nfs/nfs7/home/zegraber/Documents/CPS-Digital-Design/Project8/Project8.srcs/constrs_1/new/constraints.xdc:28]
Resolution: If [get_<value>] was used to populate the object, check to make sure this command returns at least one valid object.
WARNING: [Vivado 12-584] No ports matched 'sw[8]'. [/nfs/nfs7/home/zegraber/Documents/CPS-Digital-Design/Project8/Project8.srcs/constrs_1/new/constraints.xdc:29]
CRITICAL WARNING: [Common 17-55] 'set_property' expects at least one object. [/nfs/nfs7/home/zegraber/Documents/CPS-Digital-Design/Project8/Project8.srcs/constrs_1/new/constraints.xdc:29]
Resolution: If [get_<value>] was used to populate the object, check to make sure this command returns at least one valid object.
WARNING: [Vivado 12-584] No ports matched 'sw[9]'. [/nfs/nfs7/home/zegraber/Documents/CPS-Digital-Design/Project8/Project8.srcs/constrs_1/new/constraints.xdc:30]
CRITICAL WARNING: [Common 17-55] 'set_property' expects at least one object. [/nfs/nfs7/home/zegraber/Documents/CPS-Digital-Design/Project8/Project8.srcs/constrs_1/new/constraints.xdc:30]
Resolution: If [get_<value>] was used to populate the object, check to make sure this command returns at least one valid object.
WARNING: [Vivado 12-584] No ports matched 'sw[9]'. [/nfs/nfs7/home/zegraber/Documents/CPS-Digital-Design/Project8/Project8.srcs/constrs_1/new/constraints.xdc:31]
CRITICAL WARNING: [Common 17-55] 'set_property' expects at least one object. [/nfs/nfs7/home/zegraber/Documents/CPS-Digital-Design/Project8/Project8.srcs/constrs_1/new/constraints.xdc:31]
Resolution: If [get_<value>] was used to populate the object, check to make sure this command returns at least one valid object.
WARNING: [Vivado 12-584] No ports matched 'sw[10]'. [/nfs/nfs7/home/zegraber/Documents/CPS-Digital-Design/Project8/Project8.srcs/constrs_1/new/constraints.xdc:32]
CRITICAL WARNING: [Common 17-55] 'set_property' expects at least one object. [/nfs/nfs7/home/zegraber/Documents/CPS-Digital-Design/Project8/Project8.srcs/constrs_1/new/constraints.xdc:32]
Resolution: If [get_<value>] was used to populate the object, check to make sure this command returns at least one valid object.
WARNING: [Vivado 12-584] No ports matched 'sw[10]'. [/nfs/nfs7/home/zegraber/Documents/CPS-Digital-Design/Project8/Project8.srcs/constrs_1/new/constraints.xdc:33]
CRITICAL WARNING: [Common 17-55] 'set_property' expects at least one object. [/nfs/nfs7/home/zegraber/Documents/CPS-Digital-Design/Project8/Project8.srcs/constrs_1/new/constraints.xdc:33]
Resolution: If [get_<value>] was used to populate the object, check to make sure this command returns at least one valid object.
WARNING: [Vivado 12-584] No ports matched 'sw[11]'. [/nfs/nfs7/home/zegraber/Documents/CPS-Digital-Design/Project8/Project8.srcs/constrs_1/new/constraints.xdc:34]
CRITICAL WARNING: [Common 17-55] 'set_property' expects at least one object. [/nfs/nfs7/home/zegraber/Documents/CPS-Digital-Design/Project8/Project8.srcs/constrs_1/new/constraints.xdc:34]
Resolution: If [get_<value>] was used to populate the object, check to make sure this command returns at least one valid object.
WARNING: [Vivado 12-584] No ports matched 'sw[11]'. [/nfs/nfs7/home/zegraber/Documents/CPS-Digital-Design/Project8/Project8.srcs/constrs_1/new/constraints.xdc:35]
CRITICAL WARNING: [Common 17-55] 'set_property' expects at least one object. [/nfs/nfs7/home/zegraber/Documents/CPS-Digital-Design/Project8/Project8.srcs/constrs_1/new/constraints.xdc:35]
Resolution: If [get_<value>] was used to populate the object, check to make sure this command returns at least one valid object.
WARNING: [Vivado 12-584] No ports matched 'sw[12]'. [/nfs/nfs7/home/zegraber/Documents/CPS-Digital-Design/Project8/Project8.srcs/constrs_1/new/constraints.xdc:36]
CRITICAL WARNING: [Common 17-55] 'set_property' expects at least one object. [/nfs/nfs7/home/zegraber/Documents/CPS-Digital-Design/Project8/Project8.srcs/constrs_1/new/constraints.xdc:36]
Resolution: If [get_<value>] was used to populate the object, check to make sure this command returns at least one valid object.
WARNING: [Vivado 12-584] No ports matched 'sw[12]'. [/nfs/nfs7/home/zegraber/Documents/CPS-Digital-Design/Project8/Project8.srcs/constrs_1/new/constraints.xdc:37]
CRITICAL WARNING: [Common 17-55] 'set_property' expects at least one object. [/nfs/nfs7/home/zegraber/Documents/CPS-Digital-Design/Project8/Project8.srcs/constrs_1/new/constraints.xdc:37]
Resolution: If [get_<value>] was used to populate the object, check to make sure this command returns at least one valid object.
WARNING: [Vivado 12-584] No ports matched 'sw[13]'. [/nfs/nfs7/home/zegraber/Documents/CPS-Digital-Design/Project8/Project8.srcs/constrs_1/new/constraints.xdc:38]
CRITICAL WARNING: [Common 17-55] 'set_property' expects at least one object. [/nfs/nfs7/home/zegraber/Documents/CPS-Digital-Design/Project8/Project8.srcs/constrs_1/new/constraints.xdc:38]
Resolution: If [get_<value>] was used to populate the object, check to make sure this command returns at least one valid object.
WARNING: [Vivado 12-584] No ports matched 'sw[13]'. [/nfs/nfs7/home/zegraber/Documents/CPS-Digital-Design/Project8/Project8.srcs/constrs_1/new/constraints.xdc:39]
CRITICAL WARNING: [Common 17-55] 'set_property' expects at least one object. [/nfs/nfs7/home/zegraber/Documents/CPS-Digital-Design/Project8/Project8.srcs/constrs_1/new/constraints.xdc:39]
Resolution: If [get_<value>] was used to populate the object, check to make sure this command returns at least one valid object.
WARNING: [Vivado 12-584] No ports matched 'sw[14]'. [/nfs/nfs7/home/zegraber/Documents/CPS-Digital-Design/Project8/Project8.srcs/constrs_1/new/constraints.xdc:40]
CRITICAL WARNING: [Common 17-55] 'set_property' expects at least one object. [/nfs/nfs7/home/zegraber/Documents/CPS-Digital-Design/Project8/Project8.srcs/constrs_1/new/constraints.xdc:40]
Resolution: If [get_<value>] was used to populate the object, check to make sure this command returns at least one valid object.
WARNING: [Vivado 12-584] No ports matched 'sw[14]'. [/nfs/nfs7/home/zegraber/Documents/CPS-Digital-Design/Project8/Project8.srcs/constrs_1/new/constraints.xdc:41]
CRITICAL WARNING: [Common 17-55] 'set_property' expects at least one object. [/nfs/nfs7/home/zegraber/Documents/CPS-Digital-Design/Project8/Project8.srcs/constrs_1/new/constraints.xdc:41]
Resolution: If [get_<value>] was used to populate the object, check to make sure this command returns at least one valid object.
WARNING: [Vivado 12-584] No ports matched 'sw[15]'. [/nfs/nfs7/home/zegraber/Documents/CPS-Digital-Design/Project8/Project8.srcs/constrs_1/new/constraints.xdc:42]
CRITICAL WARNING: [Common 17-55] 'set_property' expects at least one object. [/nfs/nfs7/home/zegraber/Documents/CPS-Digital-Design/Project8/Project8.srcs/constrs_1/new/constraints.xdc:42]
Resolution: If [get_<value>] was used to populate the object, check to make sure this command returns at least one valid object.
WARNING: [Vivado 12-584] No ports matched 'sw[15]'. [/nfs/nfs7/home/zegraber/Documents/CPS-Digital-Design/Project8/Project8.srcs/constrs_1/new/constraints.xdc:43]
CRITICAL WARNING: [Common 17-55] 'set_property' expects at least one object. [/nfs/nfs7/home/zegraber/Documents/CPS-Digital-Design/Project8/Project8.srcs/constrs_1/new/constraints.xdc:43]
Resolution: If [get_<value>] was used to populate the object, check to make sure this command returns at least one valid object.
WARNING: [Vivado 12-584] No ports matched 'dp'. [/nfs/nfs7/home/zegraber/Documents/CPS-Digital-Design/Project8/Project8.srcs/constrs_1/new/constraints.xdc:97]
CRITICAL WARNING: [Common 17-55] 'set_property' expects at least one object. [/nfs/nfs7/home/zegraber/Documents/CPS-Digital-Design/Project8/Project8.srcs/constrs_1/new/constraints.xdc:97]
Resolution: If [get_<value>] was used to populate the object, check to make sure this command returns at least one valid object.
WARNING: [Vivado 12-584] No ports matched 'dp'. [/nfs/nfs7/home/zegraber/Documents/CPS-Digital-Design/Project8/Project8.srcs/constrs_1/new/constraints.xdc:98]
CRITICAL WARNING: [Common 17-55] 'set_property' expects at least one object. [/nfs/nfs7/home/zegraber/Documents/CPS-Digital-Design/Project8/Project8.srcs/constrs_1/new/constraints.xdc:98]
Resolution: If [get_<value>] was used to populate the object, check to make sure this command returns at least one valid object.
Finished Parsing XDC File [/nfs/nfs7/home/zegraber/Documents/CPS-Digital-Design/Project8/Project8.srcs/constrs_1/new/constraints.xdc]
INFO: [Project 1-236] Implementation specific constraints were found while reading constraint file [/nfs/nfs7/home/zegraber/Documents/CPS-Digital-Design/Project8/Project8.srcs/constrs_1/new/constraints.xdc]. These constraints will be ignored for synthesis but will be used in implementation. Impacted constraints are listed in the file [.Xil/top_propImpl.xdc].
Resolution: To avoid this warning, move constraints listed in [.Xil/top_propImpl.xdc] to another XDC file and exclude this new file from synthesis with the used_in_synthesis property (File Properties dialog in GUI) and re-run elaboration/synthesis.
Completed Processing XDC Constraints

Netlist sorting complete. Time (s): cpu = 00:00:00 ; elapsed = 00:00:00 . Memory (MB): peak = 2474.203 ; gain = 0.000 ; free physical = 4992 ; free virtual = 12506
INFO: [Project 1-111] Unisim Transformation Summary:
No Unisim elements were transformed.

Constraint Validation Runtime : Time (s): cpu = 00:00:00 ; elapsed = 00:00:00.02 . Memory (MB): peak = 2474.203 ; gain = 0.000 ; free physical = 4991 ; free virtual = 12505
---------------------------------------------------------------------------------
Finished Constraint Validation : Time (s): cpu = 00:00:06 ; elapsed = 00:00:08 . Memory (MB): peak = 2474.203 ; gain = 127.652 ; free physical = 5031 ; free virtual = 12545
---------------------------------------------------------------------------------
---------------------------------------------------------------------------------
Start Loading Part and Timing Information
---------------------------------------------------------------------------------
Loading part: xc7a35ticpg236-1L
---------------------------------------------------------------------------------
Finished Loading Part and Timing Information : Time (s): cpu = 00:00:06 ; elapsed = 00:00:08 . Memory (MB): peak = 2474.203 ; gain = 127.652 ; free physical = 5031 ; free virtual = 12545
---------------------------------------------------------------------------------
---------------------------------------------------------------------------------
Start Applying 'set_property' XDC Constraints
---------------------------------------------------------------------------------
---------------------------------------------------------------------------------
Finished applying 'set_property' XDC Constraints : Time (s): cpu = 00:00:07 ; elapsed = 00:00:09 . Memory (MB): peak = 2474.203 ; gain = 127.652 ; free physical = 5031 ; free virtual = 12545
---------------------------------------------------------------------------------
INFO: [Synth 8-802] inferred FSM for state register 'state_reg' in module 'ElevCtrl'
---------------------------------------------------------------------------------------------------
                   State |                     New Encoding |                Previous Encoding 
---------------------------------------------------------------------------------------------------
                     ONE |                         00000001 | 00000000000000000000000000000000
                ONE_MOVE |                         00000010 | 00000000000000000000000000000100
                TWO_MOVE |                         00000100 | 00000000000000000000000000000101
                     TWO |                         00001000 | 00000000000000000000000000000001
              THREE_MOVE |                         00010000 | 00000000000000000000000000000110
                   THREE |                         00100000 | 00000000000000000000000000000010
               FOUR_MOVE |                         01000000 | 00000000000000000000000000000111
                    FOUR |                         10000000 | 00000000000000000000000000000011
---------------------------------------------------------------------------------------------------
INFO: [Synth 8-3354] encoded FSM with state register 'state_reg' using encoding 'one-hot' in module 'ElevCtrl'
---------------------------------------------------------------------------------
Finished RTL Optimization Phase 2 : Time (s): cpu = 00:00:07 ; elapsed = 00:00:09 . Memory (MB): peak = 2474.203 ; gain = 127.652 ; free physical = 5009 ; free virtual = 12523
---------------------------------------------------------------------------------
---------------------------------------------------------------------------------
Start RTL Component Statistics 
---------------------------------------------------------------------------------
Detailed RTL Component Info : 
+---Registers : 
	               32 Bit    Registers := 1     
+---Muxes : 
	   5 Input   32 Bit        Muxes := 1     
	   2 Input   32 Bit        Muxes := 10    
	   8 Input    8 Bit        Muxes := 1     
	   2 Input    8 Bit        Muxes := 10    
	   2 Input    7 Bit        Muxes := 1     
	   4 Input    4 Bit        Muxes := 1     
	   8 Input    2 Bit        Muxes := 1     
	   8 Input    1 Bit        Muxes := 1     
---------------------------------------------------------------------------------
Finished RTL Component Statistics 
---------------------------------------------------------------------------------
---------------------------------------------------------------------------------
Start Part Resource Summary
---------------------------------------------------------------------------------
Part Resources:
DSPs: 90 (col length:60)
BRAMs: 100 (col length: RAMB18 60 RAMB36 30)
---------------------------------------------------------------------------------
Finished Part Resource Summary
---------------------------------------------------------------------------------
---------------------------------------------------------------------------------
Start Cross Boundary and Area Optimization
---------------------------------------------------------------------------------
---------------------------------------------------------------------------------
Finished Cross Boundary and Area Optimization : Time (s): cpu = 00:00:07 ; elapsed = 00:00:10 . Memory (MB): peak = 2474.203 ; gain = 127.652 ; free physical = 4997 ; free virtual = 12514
---------------------------------------------------------------------------------
---------------------------------------------------------------------------------
Start Applying XDC Timing Constraints
---------------------------------------------------------------------------------
---------------------------------------------------------------------------------
Finished Applying XDC Timing Constraints : Time (s): cpu = 00:00:11 ; elapsed = 00:00:14 . Memory (MB): peak = 2474.203 ; gain = 127.652 ; free physical = 4582 ; free virtual = 12136
---------------------------------------------------------------------------------
---------------------------------------------------------------------------------
Start Timing Optimization
---------------------------------------------------------------------------------
---------------------------------------------------------------------------------
Finished Timing Optimization : Time (s): cpu = 00:00:11 ; elapsed = 00:00:14 . Memory (MB): peak = 2474.203 ; gain = 127.652 ; free physical = 4582 ; free virtual = 12136
---------------------------------------------------------------------------------
---------------------------------------------------------------------------------
Start Technology Mapping
---------------------------------------------------------------------------------
---------------------------------------------------------------------------------
Finished Technology Mapping : Time (s): cpu = 00:00:11 ; elapsed = 00:00:14 . Memory (MB): peak = 2474.203 ; gain = 127.652 ; free physical = 4581 ; free virtual = 12134
---------------------------------------------------------------------------------
---------------------------------------------------------------------------------
Start IO Insertion
---------------------------------------------------------------------------------
---------------------------------------------------------------------------------
Start Flattening Before IO Insertion
---------------------------------------------------------------------------------
---------------------------------------------------------------------------------
Finished Flattening Before IO Insertion
---------------------------------------------------------------------------------
---------------------------------------------------------------------------------
Start Final Netlist Cleanup
---------------------------------------------------------------------------------
---------------------------------------------------------------------------------
Finished Final Netlist Cleanup
---------------------------------------------------------------------------------
---------------------------------------------------------------------------------
Finished IO Insertion : Time (s): cpu = 00:00:13 ; elapsed = 00:00:16 . Memory (MB): peak = 2474.203 ; gain = 127.652 ; free physical = 4586 ; free virtual = 12135
---------------------------------------------------------------------------------
---------------------------------------------------------------------------------
Start Renaming Generated Instances
---------------------------------------------------------------------------------
---------------------------------------------------------------------------------
Finished Renaming Generated Instances : Time (s): cpu = 00:00:13 ; elapsed = 00:00:16 . Memory (MB): peak = 2474.203 ; gain = 127.652 ; free physical = 4586 ; free virtual = 12135
---------------------------------------------------------------------------------
---------------------------------------------------------------------------------
Start Rebuilding User Hierarchy
---------------------------------------------------------------------------------
---------------------------------------------------------------------------------
Finished Rebuilding User Hierarchy : Time (s): cpu = 00:00:13 ; elapsed = 00:00:16 . Memory (MB): peak = 2474.203 ; gain = 127.652 ; free physical = 4586 ; free virtual = 12135
---------------------------------------------------------------------------------
---------------------------------------------------------------------------------
Start Renaming Generated Ports
---------------------------------------------------------------------------------
---------------------------------------------------------------------------------
Finished Renaming Generated Ports : Time (s): cpu = 00:00:13 ; elapsed = 00:00:16 . Memory (MB): peak = 2474.203 ; gain = 127.652 ; free physical = 4586 ; free virtual = 12135
---------------------------------------------------------------------------------
---------------------------------------------------------------------------------
Start Handling Custom Attributes
---------------------------------------------------------------------------------
---------------------------------------------------------------------------------
Finished Handling Custom Attributes : Time (s): cpu = 00:00:13 ; elapsed = 00:00:16 . Memory (MB): peak = 2474.203 ; gain = 127.652 ; free physical = 4586 ; free virtual = 12135
---------------------------------------------------------------------------------
---------------------------------------------------------------------------------
Start Renaming Generated Nets
---------------------------------------------------------------------------------
---------------------------------------------------------------------------------
Finished Renaming Generated Nets : Time (s): cpu = 00:00:13 ; elapsed = 00:00:16 . Memory (MB): peak = 2474.203 ; gain = 127.652 ; free physical = 4586 ; free virtual = 12135
---------------------------------------------------------------------------------
---------------------------------------------------------------------------------
Start Writing Synthesis Report
---------------------------------------------------------------------------------

Report BlackBoxes: 
+-+--------------+----------+
| |BlackBox name |Instances |
+-+--------------+----------+
+-+--------------+----------+

Report Cell Usage: 
+------+-------+------+
|      |Cell   |Count |
+------+-------+------+
|1     |BUFG   |     1|
|2     |CARRY4 |     7|
|3     |LUT1   |     1|
|4     |LUT4   |    11|
|5     |LUT5   |     2|
|6     |LUT6   |     6|
|7     |FDRE   |    35|
|8     |FDSE   |     1|
|9     |IBUF   |     6|
|10    |OBUF   |    27|
+------+-------+------+
---------------------------------------------------------------------------------
Finished Writing Synthesis Report : Time (s): cpu = 00:00:13 ; elapsed = 00:00:16 . Memory (MB): peak = 2474.203 ; gain = 127.652 ; free physical = 4586 ; free virtual = 12135
---------------------------------------------------------------------------------
Synthesis finished with 0 errors, 0 critical warnings and 0 warnings.
Synthesis Optimization Runtime : Time (s): cpu = 00:00:12 ; elapsed = 00:00:15 . Memory (MB): peak = 2474.203 ; gain = 0.000 ; free physical = 4636 ; free virtual = 12184
Synthesis Optimization Complete : Time (s): cpu = 00:00:13 ; elapsed = 00:00:16 . Memory (MB): peak = 2474.203 ; gain = 127.652 ; free physical = 4637 ; free virtual = 12186
INFO: [Project 1-571] Translating synthesized netlist
Netlist sorting complete. Time (s): cpu = 00:00:00 ; elapsed = 00:00:00 . Memory (MB): peak = 2474.203 ; gain = 0.000 ; free physical = 4721 ; free virtual = 12270
INFO: [Netlist 29-17] Analyzing 7 Unisim elements for replacement
INFO: [Netlist 29-28] Unisim Transformation completed in 0 CPU seconds
INFO: [Project 1-570] Preparing netlist for logic optimization
INFO: [Opt 31-138] Pushed 0 inverter(s) to 0 load pin(s).
Netlist sorting complete. Time (s): cpu = 00:00:00 ; elapsed = 00:00:00 . Memory (MB): peak = 2474.203 ; gain = 0.000 ; free physical = 4673 ; free virtual = 12222
INFO: [Project 1-111] Unisim Transformation Summary:
No Unisim elements were transformed.

INFO: [Common 17-83] Releasing license: Synthesis
25 Infos, 34 Warnings, 34 Critical Warnings and 0 Errors encountered.
synth_design completed successfully
synth_design: Time (s): cpu = 00:00:20 ; elapsed = 00:00:23 . Memory (MB): peak = 2474.203 ; gain = 127.953 ; free physical = 4817 ; free virtual = 12366
INFO: [runtcl-6] Synthesis results are not added to the cache due to CRITICAL_WARNING
INFO: [Common 17-1381] The checkpoint '/nfs/nfs7/home/zegraber/Documents/CPS-Digital-Design/Project8/Project8.runs/synth_1/top.dcp' has been generated.
INFO: [runtcl-4] Executing : report_utilization -file top_utilization_synth.rpt -pb top_utilization_synth.pb
INFO: [Common 17-206] Exiting Vivado at Wed Apr 13 16:43:51 2022...
