Vivado Simulator 2020.2
Time resolution is 1 ps
clk:0 rst:1 enable:0 up_down:0 count:00
clk:1 rst:1 enable:0 up_down:0 count:00
clk:0 rst:1 enable:0 up_down:0 count:00
clk:1 rst:1 enable:0 up_down:0 count:00
clk:0 rst:1 enable:0 up_down:0 count:00
clk:1 rst:1 enable:0 up_down:0 count:00
clk:0 rst:1 enable:0 up_down:0 count:00
clk:1 rst:1 enable:0 up_down:0 count:00
clk:0 rst:1 enable:0 up_down:0 count:00
clk:1 rst:1 enable:0 up_down:0 count:00
clk:0 rst:1 enable:0 up_down:0 count:00
clk:1 rst:1 enable:0 up_down:0 count:00
clk:0 rst:1 enable:0 up_down:0 count:00
clk:1 rst:1 enable:0 up_down:0 count:00
clk:0 rst:1 enable:0 up_down:0 count:00
clk:1 rst:1 enable:0 up_down:0 count:00
 transition to ONE
clk:0 rst:0 enable:1 up_down:1 count:00
Fatal: Bad count: expected 1, got 00
Time: 81 ns  Iteration: 0  Process: /testbench/test_logic  Scope: testbench.test_logic  File: /nfs/nfs7/home/zegraber/Documents/CPS-Digital-Design/Project7/Project7.srcs/sources_1/new/saturating_counter_tb.sv Line: 41
$finish called at time : 81 ns : File "/nfs/nfs7/home/zegraber/Documents/CPS-Digital-Design/Project7/Project7.srcs/sources_1/new/saturating_counter_tb.sv" Line 41
